[08-Jan-2021 17:04:06 Asia/Kolkata] array (
  'product_images' => 
  array (
    'name' => 'WYu0IiXmZF.jpg',
    'type' => 'image/jpeg',
    'tmp_name' => '/opt/lampp/temp/phpXjsbql',
    'error' => 0,
    'size' => 189650,
  ),
)
[08-Jan-2021 17:08:40 Asia/Kolkata] array (
  'product_images' => 
  array (
    'name' => 'mi_notebook.png',
    'type' => 'image/png',
    'tmp_name' => '/opt/lampp/temp/php2rxBEk',
    'error' => 0,
    'size' => 7781,
  ),
)
[08-Jan-2021 17:08:40 Asia/Kolkata] mi_notebook
[08-Jan-2021 17:09:02 Asia/Kolkata] array (
  'product_images' => 
  array (
    'name' => 'mi_phone2.png',
    'type' => 'image/png',
    'tmp_name' => '/opt/lampp/temp/phpsAPZ3k',
    'error' => 0,
    'size' => 8990,
  ),
)
[08-Jan-2021 17:09:02 Asia/Kolkata] mi_phone2
[08-Jan-2021 17:09:05 Asia/Kolkata] array (
  'product_images' => 
  array (
    'name' => 'WYu0IiXmZF.jpg',
    'type' => 'image/jpeg',
    'tmp_name' => '/opt/lampp/temp/phpmJpyK2',
    'error' => 0,
    'size' => 189650,
  ),
)
[08-Jan-2021 17:09:05 Asia/Kolkata] WYu0IiXmZF
[08-Jan-2021 17:09:07 Asia/Kolkata] array (
  'product_images' => 
  array (
    'name' => 'C3bYiE7ZqA.jpg',
    'type' => 'image/jpeg',
    'tmp_name' => '/opt/lampp/temp/phpg8fiVQ',
    'error' => 0,
    'size' => 14521,
  ),
)
[08-Jan-2021 17:09:07 Asia/Kolkata] C3bYiE7ZqA
[08-Jan-2021 17:09:10 Asia/Kolkata] array (
  'product_images' => 
  array (
    'name' => 'mi_phone2.png',
    'type' => 'image/png',
    'tmp_name' => '/opt/lampp/temp/phpm3ePyL',
    'error' => 0,
    'size' => 8990,
  ),
)
[08-Jan-2021 17:09:10 Asia/Kolkata] mi_phone2
[08-Jan-2021 17:09:14 Asia/Kolkata] array (
  'product_images' => 
  array (
    'name' => 'WYu0IiXmZF.jpg',
    'type' => 'image/jpeg',
    'tmp_name' => '/opt/lampp/temp/php8fRGEP',
    'error' => 0,
    'size' => 189650,
  ),
)
[08-Jan-2021 17:09:14 Asia/Kolkata] WYu0IiXmZF
[08-Jan-2021 17:09:16 Asia/Kolkata] array (
  'product_images' => 
  array (
    'name' => 'xXgZdoM0h6.jpg',
    'type' => 'image/jpeg',
    'tmp_name' => '/opt/lampp/temp/phpC5Pin1',
    'error' => 0,
    'size' => 96566,
  ),
)
[08-Jan-2021 17:09:16 Asia/Kolkata] xXgZdoM0h6
[08-Jan-2021 17:10:53 Asia/Kolkata] array (
  'product_images' => 
  array (
    'name' => 'mi_phone.png',
    'type' => 'image/png',
    'tmp_name' => '/opt/lampp/temp/phpUqIg5d',
    'error' => 0,
    'size' => 3726,
  ),
)
[08-Jan-2021 17:10:53 Asia/Kolkata] mi_phone
[08-Jan-2021 17:10:56 Asia/Kolkata] array (
  'product_images' => 
  array (
    'name' => 'WYu0IiXmZF.jpg',
    'type' => 'image/jpeg',
    'tmp_name' => '/opt/lampp/temp/phpEaJBCA',
    'error' => 0,
    'size' => 189650,
  ),
)
[08-Jan-2021 17:10:56 Asia/Kolkata] WYu0IiXmZF
[08-Jan-2021 17:13:15 Asia/Kolkata] array (
  'product_images' => 
  array (
    'name' => 'mi_phone.png',
    'type' => 'image/png',
    'tmp_name' => '/opt/lampp/temp/phpenmgQv',
    'error' => 0,
    'size' => 3726,
  ),
)
[08-Jan-2021 17:13:15 Asia/Kolkata] mi_phone
[08-Jan-2021 17:13:17 Asia/Kolkata] array (
  'product_images' => 
  array (
    'name' => 'C3bYiE7ZqA.jpg',
    'type' => 'image/jpeg',
    'tmp_name' => '/opt/lampp/temp/phpCCaaeQ',
    'error' => 0,
    'size' => 14521,
  ),
)
[08-Jan-2021 17:13:17 Asia/Kolkata] C3bYiE7ZqA
[08-Jan-2021 17:13:19 Asia/Kolkata] array (
  'product_images' => 
  array (
    'name' => 'mi_phone2.png',
    'type' => 'image/png',
    'tmp_name' => '/opt/lampp/temp/phpixGjKg',
    'error' => 0,
    'size' => 8990,
  ),
)
[08-Jan-2021 17:13:19 Asia/Kolkata] mi_phone2
