[08-Jan-2021 17:05:26 Asia/Kolkata] array (
  'name' => 'IKALL 8 (Green, 16GB)',
  'id' => '4',
  'description' => '5MP Rear Camera |2MP Front Camera | Made in India
13.97 cm (5.5 inch) Display | multi-touch capacitive touch screen with 480x960 pixel resolution
2GB ram, 16GB storage | Expandable Memory 64GB | Dual Sim (4G+2G) | 4G Volte
Android 6.0 marshmallow with 1.3 Ghz Quad Core',
  'price' => '3500.00',
  'quantity' => '1',
  'category' => '3',
  'images' => 
  array (
    0 => '1610105456.png',
    1 => '1610105646.jpg',
  ),
)
[08-Jan-2021 17:05:26 Asia/Kolkata] array (
)
[08-Jan-2021 17:05:26 Asia/Kolkata] updated: true
[08-Jan-2021 17:05:26 Asia/Kolkata] INSERT INTO product_images (product_id, image_name, date_add) VALUES (:product_id, :image_name_0, :date_add),  (:product_id, :image_name_1, :date_add)
[08-Jan-2021 17:05:26 Asia/Kolkata] image_added: 2
[08-Jan-2021 17:13:23 Asia/Kolkata] array (
  'name' => 'IKALL 8 (Green, 16GB)',
  'id' => '4',
  'description' => '5MP Rear Camera |2MP Front Camera | Made in India
13.97 cm (5.5 inch) Display | multi-touch capacitive touch screen with 480x960 pixel resolution
2GB ram, 16GB storage | Expandable Memory 64GB | Dual Sim (4G+2G) | 4G Volte
Android 6.0 marshmallow with 1.3 Ghz Quad Core',
  'price' => '3500.00',
  'quantity' => '1',
  'category' => '3',
  'images' => 
  array (
    0 => 'mi_phone-1610106195.png',
    1 => 'C3bYiE7ZqA-1610106197.jpg',
    2 => 'mi_phone2-1610106199.png',
  ),
)
[08-Jan-2021 17:13:23 Asia/Kolkata] array (
)
[08-Jan-2021 17:13:24 Asia/Kolkata] updated: true
[08-Jan-2021 17:13:24 Asia/Kolkata] INSERT INTO product_images (product_id, image_name, date_add) VALUES (:product_id, :image_name_0, :date_add),  (:product_id, :image_name_1, :date_add),  (:product_id, :image_name_2, :date_add)
[08-Jan-2021 17:13:24 Asia/Kolkata] image_added: 3
[08-Jan-2021 17:39:55 Asia/Kolkata] array (
  'name' => 'Please contact I KALL helpline number 1800-120-4934 for any assistance | 1 Year warranty for device and 6 Months for box accessories',
  'id' => '4',
  'description' => '5MP Rear Camera |2MP Front Camera | Made in India
13.97 cm (5.5 inch) Display | multi-touch capacitive touch screen with 480x960 pixel resolution
2GB ram, 16GB storage | Expandable Memory 64GB | Dual Sim (4G+2G) | 4G Volte
Android 6.0 marshmallow with 1.3 Ghz Quad Core',
  'price' => '3500.00',
  'quantity' => '1',
  'category' => '3',
)
[08-Jan-2021 17:39:55 Asia/Kolkata] array (
)
[08-Jan-2021 17:39:55 Asia/Kolkata] PHP Notice:  Undefined index: images in /opt/lampp/htdocs/triksale/add_product_process.php on line 33
[08-Jan-2021 17:39:55 Asia/Kolkata] updated: true
[08-Jan-2021 17:39:55 Asia/Kolkata] image_added: 
[08-Jan-2021 17:39:58 Asia/Kolkata] array (
  'name' => 'Please contact I KALL helpline number 1800-120-4934 for any assistance | 1 Year warranty for device and 6 Months for box accessories',
  'id' => '4',
  'description' => '5MP Rear Camera |2MP Front Camera | Made in India
13.97 cm (5.5 inch) Display | multi-touch capacitive touch screen with 480x960 pixel resolution
2GB ram, 16GB storage | Expandable Memory 64GB | Dual Sim (4G+2G) | 4G Volte
Android 6.0 marshmallow with 1.3 Ghz Quad Core',
  'price' => '3500.00',
  'quantity' => '1',
  'category' => '3',
)
[08-Jan-2021 17:39:58 Asia/Kolkata] array (
)
[08-Jan-2021 17:39:58 Asia/Kolkata] PHP Notice:  Undefined index: images in /opt/lampp/htdocs/triksale/add_product_process.php on line 33
[08-Jan-2021 17:39:58 Asia/Kolkata] updated: true
[08-Jan-2021 17:39:58 Asia/Kolkata] image_added: 
[08-Jan-2021 17:40:06 Asia/Kolkata] array (
  'name' => 'Please contact I KALL helpline number 1800-120-4934 for any assistance | 1 Year warranty for device and 6 Months for box accessories',
  'id' => '4',
  'description' => '5MP Rear Camera |2MP Front Camera | Made in India
13.97 cm (5.5 inch) Display | multi-touch capacitive touch screen with 480x960 pixel resolution
2GB ram, 16GB storage | Expandable Memory 64GB | Dual Sim (4G+2G) | 4G Volte
Android 6.0 marshmallow with 1.3 Ghz Quad Core',
  'price' => '3500.00',
  'quantity' => '1',
  'category' => '3',
)
[08-Jan-2021 17:40:06 Asia/Kolkata] array (
)
[08-Jan-2021 17:40:06 Asia/Kolkata] PHP Notice:  Undefined index: images in /opt/lampp/htdocs/triksale/add_product_process.php on line 33
[08-Jan-2021 17:40:06 Asia/Kolkata] updated: true
[08-Jan-2021 17:40:06 Asia/Kolkata] image_added: 
[08-Jan-2021 17:40:41 Asia/Kolkata] array (
  'name' => 'Please contact I KALL helpline number 1800-120-4934 for any assistance | 1 Year warranty for device and 6 Months for box accessories',
  'id' => '4',
  'description' => '5MP Rear Camera |2MP Front Camera | Made in India
13.97 cm (5.5 inch) Display | multi-touch capacitive touch screen with 480x960 pixel resolution
2GB ram, 16GB storage | Expandable Memory 64GB | Dual Sim (4G+2G) | 4G Volte
Android 6.0 marshmallow with 1.3 Ghz Quad Core',
  'price' => '3500.00',
  'quantity' => '1',
  'category' => '3',
)
[08-Jan-2021 17:40:41 Asia/Kolkata] array (
)
[08-Jan-2021 17:40:41 Asia/Kolkata] updated: true
[08-Jan-2021 17:40:41 Asia/Kolkata] image_added: 
